{"/Users/eladaviv/Desktop/collab/src/db/sequelize.ts": {"path":"/Users/eladaviv/Desktop/collab/src/db/sequelize.ts","statementMap":{"0":{"start":{"line":1,"column":0},"end":{"line":1,"column":66}},"1":{"start":{"line":3,"column":37},"end":{"line":17,"column":null}},"2":{"start":{"line":19,"column":16},"end":{"line":23,"column":null}},"3":{"start":{"line":25,"column":0},"end":{"line":30,"column":null}}},"fnMap":{},"branchMap":{},"s":{"0":2,"1":2,"2":2,"3":2},"f":{},"b":{}}
,"/Users/eladaviv/Desktop/collab/src/db/mocks/index.ts": {"path":"/Users/eladaviv/Desktop/collab/src/db/mocks/index.ts","statementMap":{"0":{"start":{"line":2,"column":0},"end":{"line":2,"column":25}},"1":{"start":{"line":4,"column":13},"end":{"line":11,"column":null}},"2":{"start":{"line":4,"column":67},"end":{"line":11,"column":2}},"3":{"start":{"line":13,"column":13},"end":{"line":17,"column":null}},"4":{"start":{"line":13,"column":72},"end":{"line":17,"column":2}}},"fnMap":{"0":{"name":"(anonymous_1)","decl":{"start":{"line":4,"column":60},"end":{"line":4,"column":63}},"loc":{"start":{"line":4,"column":67},"end":{"line":11,"column":2}}},"1":{"name":"(anonymous_2)","decl":{"start":{"line":13,"column":61},"end":{"line":13,"column":62}},"loc":{"start":{"line":13,"column":72},"end":{"line":17,"column":2}}}},"branchMap":{},"s":{"0":2,"1":2,"2":20,"3":2,"4":6},"f":{"0":20,"1":6},"b":{}}
,"/Users/eladaviv/Desktop/collab/src/db/models/Collab.ts": {"path":"/Users/eladaviv/Desktop/collab/src/db/models/Collab.ts","statementMap":{"0":{"start":{"line":1,"column":0},"end":{"line":1,"column":null}},"1":{"start":{"line":15,"column":0},"end":{"line":15,"column":26}},"2":{"start":{"line":25,"column":0},"end":{"line":25,"column":45}},"3":{"start":{"line":26,"column":0},"end":{"line":26,"column":29}},"4":{"start":{"line":29,"column":19},"end":{"line":148,"column":null}},"5":{"start":{"line":72,"column":4},"end":{"line":82,"column":null}},"6":{"start":{"line":72,"column":50},"end":{"line":82,"column":6}},"7":{"start":{"line":73,"column":21},"end":{"line":73,"column":74}},"8":{"start":{"line":75,"column":6},"end":{"line":79,"column":null}},"9":{"start":{"line":81,"column":6},"end":{"line":81,"column":null}},"10":{"start":{"line":86,"column":4},"end":{"line":103,"column":null}},"11":{"start":{"line":86,"column":50},"end":{"line":103,"column":6}},"12":{"start":{"line":87,"column":21},"end":{"line":87,"column":68}},"13":{"start":{"line":88,"column":23},"end":{"line":90,"column":8}},"14":{"start":{"line":92,"column":6},"end":{"line":94,"column":null}},"15":{"start":{"line":93,"column":8},"end":{"line":93,"column":null}},"16":{"start":{"line":95,"column":6},"end":{"line":97,"column":null}},"17":{"start":{"line":96,"column":8},"end":{"line":96,"column":null}},"18":{"start":{"line":98,"column":6},"end":{"line":100,"column":null}},"19":{"start":{"line":99,"column":8},"end":{"line":99,"column":null}},"20":{"start":{"line":102,"column":6},"end":{"line":102,"column":null}},"21":{"start":{"line":111,"column":4},"end":{"line":136,"column":null}},"22":{"start":{"line":111,"column":50},"end":{"line":136,"column":6}},"23":{"start":{"line":112,"column":21},"end":{"line":112,"column":68}},"24":{"start":{"line":113,"column":23},"end":{"line":115,"column":8}},"25":{"start":{"line":117,"column":6},"end":{"line":119,"column":null}},"26":{"start":{"line":118,"column":8},"end":{"line":118,"column":null}},"27":{"start":{"line":120,"column":6},"end":{"line":122,"column":null}},"28":{"start":{"line":121,"column":8},"end":{"line":121,"column":null}},"29":{"start":{"line":123,"column":6},"end":{"line":125,"column":null}},"30":{"start":{"line":124,"column":8},"end":{"line":124,"column":null}},"31":{"start":{"line":127,"column":22},"end":{"line":129,"column":8}},"32":{"start":{"line":131,"column":6},"end":{"line":133,"column":null}},"33":{"start":{"line":132,"column":8},"end":{"line":132,"column":null}},"34":{"start":{"line":135,"column":6},"end":{"line":135,"column":null}},"35":{"start":{"line":140,"column":22},"end":{"line":140,"column":61}},"36":{"start":{"line":142,"column":4},"end":{"line":144,"column":null}},"37":{"start":{"line":143,"column":6},"end":{"line":143,"column":null}},"38":{"start":{"line":146,"column":4},"end":{"line":146,"column":null}},"39":{"start":{"line":34,"column":2},"end":{"line":34,"column":null}},"40":{"start":{"line":38,"column":2},"end":{"line":38,"column":null}},"41":{"start":{"line":42,"column":2},"end":{"line":42,"column":null}},"42":{"start":{"line":51,"column":2},"end":{"line":51,"column":null}},"43":{"start":{"line":56,"column":2},"end":{"line":56,"column":null}},"44":{"start":{"line":53,"column":20},"end":{"line":53,"column":24}},"45":{"start":{"line":59,"column":2},"end":{"line":59,"column":null}},"46":{"start":{"line":58,"column":19},"end":{"line":58,"column":23}},"47":{"start":{"line":62,"column":2},"end":{"line":62,"column":null}},"48":{"start":{"line":61,"column":17},"end":{"line":61,"column":29}},"49":{"start":{"line":29,"column":13},"end":{"line":148,"column":null}},"50":{"start":{"line":29,"column":13},"end":{"line":29,"column":19}}},"fnMap":{"0":{"name":"(anonymous_10)","decl":{"start":{"line":71,"column":2},"end":{"line":71,"column":8}},"loc":{"start":{"line":71,"column":60},"end":{"line":83,"column":3}}},"1":{"name":"(anonymous_11)","decl":{"start":{"line":72,"column":39},"end":{"line":72,"column":48}},"loc":{"start":{"line":72,"column":50},"end":{"line":82,"column":6}}},"2":{"name":"(anonymous_12)","decl":{"start":{"line":72,"column":50},"end":{"line":72,"column":null}},"loc":{"start":{"line":72,"column":50},"end":{"line":82,"column":5}}},"3":{"name":"(anonymous_13)","decl":{"start":{"line":85,"column":2},"end":{"line":85,"column":8}},"loc":{"start":{"line":85,"column":76},"end":{"line":104,"column":null}}},"4":{"name":"(anonymous_15)","decl":{"start":{"line":86,"column":39},"end":{"line":86,"column":48}},"loc":{"start":{"line":86,"column":50},"end":{"line":103,"column":6}}},"5":{"name":"(anonymous_16)","decl":{"start":{"line":86,"column":50},"end":{"line":86,"column":null}},"loc":{"start":{"line":86,"column":50},"end":{"line":103,"column":5}}},"6":{"name":"(anonymous_17)","decl":{"start":{"line":106,"column":2},"end":{"line":106,"column":8}},"loc":{"start":{"line":109,"column":20},"end":{"line":137,"column":null}}},"7":{"name":"(anonymous_19)","decl":{"start":{"line":111,"column":39},"end":{"line":111,"column":48}},"loc":{"start":{"line":111,"column":50},"end":{"line":136,"column":6}}},"8":{"name":"(anonymous_20)","decl":{"start":{"line":111,"column":50},"end":{"line":111,"column":null}},"loc":{"start":{"line":111,"column":50},"end":{"line":136,"column":5}}},"9":{"name":"(anonymous_21)","decl":{"start":{"line":139,"column":2},"end":{"line":139,"column":8}},"loc":{"start":{"line":139,"column":38},"end":{"line":147,"column":null}}},"10":{"name":"(anonymous_23)","decl":{"start":{"line":53,"column":14},"end":{"line":53,"column":17}},"loc":{"start":{"line":53,"column":20},"end":{"line":53,"column":24}}},"11":{"name":"(anonymous_24)","decl":{"start":{"line":58,"column":13},"end":{"line":58,"column":16}},"loc":{"start":{"line":58,"column":19},"end":{"line":58,"column":23}}},"12":{"name":"(anonymous_25)","decl":{"start":{"line":61,"column":11},"end":{"line":61,"column":14}},"loc":{"start":{"line":61,"column":17},"end":{"line":61,"column":29}}}},"branchMap":{"0":{"loc":{"start":{"line":92,"column":6},"end":{"line":94,"column":null}},"type":"if","locations":[{"start":{"line":92,"column":6},"end":{"line":94,"column":null}},{"start":{"line":92,"column":6},"end":{"line":94,"column":null}}]},"1":{"loc":{"start":{"line":95,"column":6},"end":{"line":97,"column":null}},"type":"if","locations":[{"start":{"line":95,"column":6},"end":{"line":97,"column":null}},{"start":{"line":95,"column":6},"end":{"line":97,"column":null}}]},"2":{"loc":{"start":{"line":98,"column":6},"end":{"line":100,"column":null}},"type":"if","locations":[{"start":{"line":98,"column":6},"end":{"line":100,"column":null}},{"start":{"line":98,"column":6},"end":{"line":100,"column":null}}]},"3":{"loc":{"start":{"line":117,"column":6},"end":{"line":119,"column":null}},"type":"if","locations":[{"start":{"line":117,"column":6},"end":{"line":119,"column":null}},{"start":{"line":117,"column":6},"end":{"line":119,"column":null}}]},"4":{"loc":{"start":{"line":120,"column":6},"end":{"line":122,"column":null}},"type":"if","locations":[{"start":{"line":120,"column":6},"end":{"line":122,"column":null}},{"start":{"line":120,"column":6},"end":{"line":122,"column":null}}]},"5":{"loc":{"start":{"line":123,"column":6},"end":{"line":125,"column":null}},"type":"if","locations":[{"start":{"line":123,"column":6},"end":{"line":125,"column":null}},{"start":{"line":123,"column":6},"end":{"line":125,"column":null}}]},"6":{"loc":{"start":{"line":131,"column":6},"end":{"line":133,"column":null}},"type":"if","locations":[{"start":{"line":131,"column":6},"end":{"line":133,"column":null}},{"start":{"line":131,"column":6},"end":{"line":133,"column":null}}]},"7":{"loc":{"start":{"line":142,"column":4},"end":{"line":144,"column":null}},"type":"if","locations":[{"start":{"line":142,"column":4},"end":{"line":144,"column":null}},{"start":{"line":142,"column":4},"end":{"line":144,"column":null}}]}},"s":{"0":2,"1":2,"2":2,"3":2,"4":2,"5":1,"6":1,"7":1,"8":0,"9":0,"10":0,"11":0,"12":0,"13":0,"14":0,"15":0,"16":0,"17":0,"18":0,"19":0,"20":0,"21":0,"22":0,"23":0,"24":0,"25":0,"26":0,"27":0,"28":0,"29":0,"30":0,"31":0,"32":0,"33":0,"34":0,"35":1,"36":1,"37":0,"38":1,"39":2,"40":2,"41":2,"42":2,"43":2,"44":2,"45":2,"46":4,"47":2,"48":4,"49":2,"50":2},"f":{"0":1,"1":1,"2":1,"3":0,"4":0,"5":0,"6":0,"7":0,"8":0,"9":1,"10":2,"11":4,"12":4},"b":{"0":[0,0],"1":[0,0],"2":[0,0],"3":[0,0],"4":[0,0],"5":[0,0],"6":[0,0],"7":[0,1]}}
,"/Users/eladaviv/Desktop/collab/src/db/models/CollabMember.ts": {"path":"/Users/eladaviv/Desktop/collab/src/db/models/CollabMember.ts","statementMap":{"0":{"start":{"line":1,"column":0},"end":{"line":1,"column":null}},"1":{"start":{"line":11,"column":0},"end":{"line":11,"column":33}},"2":{"start":{"line":12,"column":0},"end":{"line":12,"column":29}},"3":{"start":{"line":15,"column":0},"end":{"line":36,"column":null}},"4":{"start":{"line":19,"column":2},"end":{"line":19,"column":null}},"5":{"start":{"line":17,"column":20},"end":{"line":17,"column":26}},"6":{"start":{"line":22,"column":2},"end":{"line":22,"column":null}},"7":{"start":{"line":21,"column":19},"end":{"line":21,"column":25}},"8":{"start":{"line":27,"column":2},"end":{"line":27,"column":null}},"9":{"start":{"line":25,"column":20},"end":{"line":25,"column":24}},"10":{"start":{"line":30,"column":2},"end":{"line":30,"column":null}},"11":{"start":{"line":29,"column":19},"end":{"line":29,"column":23}},"12":{"start":{"line":35,"column":2},"end":{"line":35,"column":null}},"13":{"start":{"line":15,"column":13},"end":{"line":36,"column":null}},"14":{"start":{"line":15,"column":13},"end":{"line":15,"column":25}}},"fnMap":{"0":{"name":"(anonymous_2)","decl":{"start":{"line":17,"column":14},"end":{"line":17,"column":17}},"loc":{"start":{"line":17,"column":20},"end":{"line":17,"column":26}}},"1":{"name":"(anonymous_3)","decl":{"start":{"line":21,"column":13},"end":{"line":21,"column":16}},"loc":{"start":{"line":21,"column":19},"end":{"line":21,"column":25}}},"2":{"name":"(anonymous_4)","decl":{"start":{"line":25,"column":14},"end":{"line":25,"column":17}},"loc":{"start":{"line":25,"column":20},"end":{"line":25,"column":24}}},"3":{"name":"(anonymous_5)","decl":{"start":{"line":29,"column":13},"end":{"line":29,"column":16}},"loc":{"start":{"line":29,"column":19},"end":{"line":29,"column":23}}}},"branchMap":{},"s":{"0":2,"1":2,"2":2,"3":2,"4":2,"5":2,"6":2,"7":4,"8":2,"9":0,"10":2,"11":4,"12":2,"13":2,"14":2},"f":{"0":2,"1":4,"2":0,"3":4},"b":{}}
,"/Users/eladaviv/Desktop/collab/src/db/models/User.ts": {"path":"/Users/eladaviv/Desktop/collab/src/db/models/User.ts","statementMap":{"0":{"start":{"line":1,"column":0},"end":{"line":1,"column":null}},"1":{"start":{"line":17,"column":0},"end":{"line":17,"column":26}},"2":{"start":{"line":18,"column":0},"end":{"line":18,"column":27}},"3":{"start":{"line":27,"column":0},"end":{"line":27,"column":33}},"4":{"start":{"line":28,"column":0},"end":{"line":28,"column":43}},"5":{"start":{"line":34,"column":0},"end":{"line":142,"column":null}},"6":{"start":{"line":97,"column":4},"end":{"line":97,"column":null}},"7":{"start":{"line":98,"column":4},"end":{"line":98,"column":null}},"8":{"start":{"line":103,"column":21},"end":{"line":103,"column":61}},"9":{"start":{"line":104,"column":4},"end":{"line":104,"column":null}},"10":{"start":{"line":108,"column":4},"end":{"line":108,"column":null}},"11":{"start":{"line":109,"column":4},"end":{"line":109,"column":null}},"12":{"start":{"line":113,"column":17},"end":{"line":116,"column":6}},"13":{"start":{"line":118,"column":4},"end":{"line":120,"column":null}},"14":{"start":{"line":119,"column":6},"end":{"line":119,"column":null}},"15":{"start":{"line":122,"column":31},"end":{"line":122,"column":76}},"16":{"start":{"line":124,"column":4},"end":{"line":126,"column":null}},"17":{"start":{"line":125,"column":6},"end":{"line":125,"column":null}},"18":{"start":{"line":128,"column":55},"end":{"line":128,"column":59}},"19":{"start":{"line":128,"column":28},"end":{"line":128,"column":55}},"20":{"start":{"line":130,"column":4},"end":{"line":130,"column":null}},"21":{"start":{"line":134,"column":22},"end":{"line":134,"column":59}},"22":{"start":{"line":136,"column":4},"end":{"line":138,"column":null}},"23":{"start":{"line":137,"column":6},"end":{"line":137,"column":null}},"24":{"start":{"line":140,"column":4},"end":{"line":140,"column":null}},"25":{"start":{"line":39,"column":2},"end":{"line":39,"column":null}},"26":{"start":{"line":57,"column":2},"end":{"line":57,"column":null}},"27":{"start":{"line":68,"column":2},"end":{"line":68,"column":null}},"28":{"start":{"line":76,"column":2},"end":{"line":76,"column":null}},"29":{"start":{"line":80,"column":2},"end":{"line":80,"column":null}},"30":{"start":{"line":84,"column":2},"end":{"line":84,"column":null}},"31":{"start":{"line":87,"column":2},"end":{"line":87,"column":null}},"32":{"start":{"line":86,"column":17},"end":{"line":86,"column":23}},"33":{"start":{"line":96,"column":2},"end":{"line":99,"column":null}},"34":{"start":{"line":102,"column":2},"end":{"line":105,"column":null}},"35":{"start":{"line":34,"column":13},"end":{"line":142,"column":null}},"36":{"start":{"line":30,"column":21},"end":{"line":32,"column":2}},"37":{"start":{"line":34,"column":13},"end":{"line":34,"column":17}}},"fnMap":{"0":{"name":"(anonymous_11)","decl":{"start":{"line":96,"column":2},"end":{"line":96,"column":8}},"loc":{"start":{"line":96,"column":36},"end":{"line":99,"column":3}}},"1":{"name":"(anonymous_12)","decl":{"start":{"line":102,"column":2},"end":{"line":102,"column":8}},"loc":{"start":{"line":102,"column":42},"end":{"line":105,"column":null}}},"2":{"name":"(anonymous_14)","decl":{"start":{"line":107,"column":2},"end":{"line":107,"column":8}},"loc":{"start":{"line":107,"column":49},"end":{"line":110,"column":null}}},"3":{"name":"(anonymous_16)","decl":{"start":{"line":112,"column":2},"end":{"line":112,"column":8}},"loc":{"start":{"line":112,"column":51},"end":{"line":131,"column":null}}},"4":{"name":"(anonymous_18)","decl":{"start":{"line":133,"column":2},"end":{"line":133,"column":8}},"loc":{"start":{"line":133,"column":36},"end":{"line":141,"column":null}}},"5":{"name":"(anonymous_20)","decl":{"start":{"line":86,"column":11},"end":{"line":86,"column":14}},"loc":{"start":{"line":86,"column":17},"end":{"line":86,"column":23}}},"6":{"name":"(anonymous_21)","decl":{"start":{"line":30,"column":14},"end":{"line":30,"column":17}},"loc":{"start":{"line":30,"column":21},"end":{"line":32,"column":2}}}},"branchMap":{"0":{"loc":{"start":{"line":118,"column":4},"end":{"line":120,"column":null}},"type":"if","locations":[{"start":{"line":118,"column":4},"end":{"line":120,"column":null}},{"start":{"line":118,"column":4},"end":{"line":120,"column":null}}]},"1":{"loc":{"start":{"line":124,"column":4},"end":{"line":126,"column":null}},"type":"if","locations":[{"start":{"line":124,"column":4},"end":{"line":126,"column":null}},{"start":{"line":124,"column":4},"end":{"line":126,"column":null}}]},"2":{"loc":{"start":{"line":136,"column":4},"end":{"line":138,"column":null}},"type":"if","locations":[{"start":{"line":136,"column":4},"end":{"line":138,"column":null}},{"start":{"line":136,"column":4},"end":{"line":138,"column":null}}]}},"s":{"0":2,"1":2,"2":2,"3":2,"4":2,"5":2,"6":21,"7":21,"8":21,"9":19,"10":21,"11":19,"12":3,"13":3,"14":1,"15":2,"16":2,"17":1,"18":1,"19":1,"20":1,"21":2,"22":2,"23":1,"24":1,"25":2,"26":2,"27":2,"28":2,"29":2,"30":2,"31":2,"32":4,"33":2,"34":2,"35":2,"36":2,"37":2},"f":{"0":21,"1":21,"2":21,"3":3,"4":2,"5":4,"6":2},"b":{"0":[1,2],"1":[1,1],"2":[1,1]}}
,"/Users/eladaviv/Desktop/collab/src/utils/index.ts": {"path":"/Users/eladaviv/Desktop/collab/src/utils/index.ts","statementMap":{"0":{"start":{"line":1,"column":0},"end":{"line":1,"column":43}},"1":{"start":{"line":4,"column":13},"end":{"line":4,"column":null}},"2":{"start":{"line":7,"column":13},"end":{"line":7,"column":null}},"3":{"start":{"line":10,"column":13},"end":{"line":10,"column":null}},"4":{"start":{"line":16,"column":13},"end":{"line":26,"column":null}},"5":{"start":{"line":17,"column":2},"end":{"line":26,"column":4}},"6":{"start":{"line":18,"column":4},"end":{"line":25,"column":null}},"7":{"start":{"line":19,"column":6},"end":{"line":22,"column":null}},"8":{"start":{"line":20,"column":8},"end":{"line":20,"column":null}},"9":{"start":{"line":21,"column":8},"end":{"line":21,"column":14}},"10":{"start":{"line":24,"column":6},"end":{"line":24,"column":null}},"11":{"start":{"line":28,"column":13},"end":{"line":38,"column":null}},"12":{"start":{"line":29,"column":2},"end":{"line":38,"column":4}},"13":{"start":{"line":30,"column":4},"end":{"line":37,"column":null}},"14":{"start":{"line":31,"column":6},"end":{"line":34,"column":null}},"15":{"start":{"line":32,"column":8},"end":{"line":32,"column":null}},"16":{"start":{"line":33,"column":8},"end":{"line":33,"column":14}},"17":{"start":{"line":36,"column":6},"end":{"line":36,"column":null}}},"fnMap":{"0":{"name":"(anonymous_0)","decl":{"start":{"line":16,"column":29},"end":{"line":16,"column":30}},"loc":{"start":{"line":17,"column":2},"end":{"line":26,"column":4}}},"1":{"name":"(anonymous_1)","decl":{"start":{"line":17,"column":22},"end":{"line":17,"column":23}},"loc":{"start":{"line":17,"column":42},"end":{"line":26,"column":3}}},"2":{"name":"(anonymous_2)","decl":{"start":{"line":18,"column":49},"end":{"line":18,"column":50}},"loc":{"start":{"line":18,"column":66},"end":{"line":25,"column":5}}},"3":{"name":"(anonymous_3)","decl":{"start":{"line":28,"column":27},"end":{"line":28,"column":28}},"loc":{"start":{"line":29,"column":2},"end":{"line":38,"column":4}}},"4":{"name":"(anonymous_4)","decl":{"start":{"line":29,"column":14},"end":{"line":29,"column":15}},"loc":{"start":{"line":29,"column":34},"end":{"line":38,"column":3}}},"5":{"name":"(anonymous_5)","decl":{"start":{"line":30,"column":52},"end":{"line":30,"column":53}},"loc":{"start":{"line":30,"column":69},"end":{"line":37,"column":5}}}},"branchMap":{"0":{"loc":{"start":{"line":19,"column":6},"end":{"line":22,"column":null}},"type":"if","locations":[{"start":{"line":19,"column":6},"end":{"line":22,"column":null}},{"start":{"line":19,"column":6},"end":{"line":22,"column":null}}]},"1":{"loc":{"start":{"line":31,"column":6},"end":{"line":34,"column":null}},"type":"if","locations":[{"start":{"line":31,"column":6},"end":{"line":34,"column":null}},{"start":{"line":31,"column":6},"end":{"line":34,"column":null}}]}},"s":{"0":2,"1":2,"2":2,"3":2,"4":2,"5":0,"6":0,"7":0,"8":0,"9":0,"10":0,"11":2,"12":0,"13":0,"14":0,"15":0,"16":0,"17":0},"f":{"0":0,"1":0,"2":0,"3":0,"4":0,"5":0},"b":{"0":[0,0],"1":[0,0]}}
}
