TN:
SF:src/db/sequelize.ts
FNF:0
FNH:0
DA:1,2
DA:3,2
DA:19,2
DA:25,2
LF:4
LH:4
BRF:0
BRH:0
end_of_record
TN:
SF:src/db/mocks/index.ts
FN:4,(anonymous_1)
FN:13,(anonymous_2)
FNF:2
FNH:2
FNDA:20,(anonymous_1)
FNDA:6,(anonymous_2)
DA:2,2
DA:4,20
DA:13,6
LF:3
LH:3
BRF:0
BRH:0
end_of_record
TN:
SF:src/db/models/Collab.ts
FN:71,(anonymous_10)
FN:72,(anonymous_11)
FN:72,(anonymous_12)
FN:85,(anonymous_13)
FN:86,(anonymous_15)
FN:86,(anonymous_16)
FN:106,(anonymous_17)
FN:111,(anonymous_19)
FN:111,(anonymous_20)
FN:139,(anonymous_21)
FN:53,(anonymous_23)
FN:58,(anonymous_24)
FN:61,(anonymous_25)
FNF:13
FNH:7
FNDA:1,(anonymous_10)
FNDA:1,(anonymous_11)
FNDA:1,(anonymous_12)
FNDA:0,(anonymous_13)
FNDA:0,(anonymous_15)
FNDA:0,(anonymous_16)
FNDA:0,(anonymous_17)
FNDA:0,(anonymous_19)
FNDA:0,(anonymous_20)
FNDA:1,(anonymous_21)
FNDA:2,(anonymous_23)
FNDA:4,(anonymous_24)
FNDA:4,(anonymous_25)
DA:1,2
DA:15,2
DA:25,2
DA:26,2
DA:29,2
DA:34,2
DA:38,2
DA:42,2
DA:51,2
DA:53,2
DA:56,2
DA:58,4
DA:59,2
DA:61,4
DA:62,2
DA:72,1
DA:73,1
DA:75,0
DA:81,0
DA:86,0
DA:87,0
DA:88,0
DA:92,0
DA:93,0
DA:95,0
DA:96,0
DA:98,0
DA:99,0
DA:102,0
DA:111,0
DA:112,0
DA:113,0
DA:117,0
DA:118,0
DA:120,0
DA:121,0
DA:123,0
DA:124,0
DA:127,0
DA:131,0
DA:132,0
DA:135,0
DA:140,1
DA:142,1
DA:143,0
DA:146,1
LF:46
LH:20
BRDA:92,0,0,0
BRDA:92,0,1,0
BRDA:95,1,0,0
BRDA:95,1,1,0
BRDA:98,2,0,0
BRDA:98,2,1,0
BRDA:117,3,0,0
BRDA:117,3,1,0
BRDA:120,4,0,0
BRDA:120,4,1,0
BRDA:123,5,0,0
BRDA:123,5,1,0
BRDA:131,6,0,0
BRDA:131,6,1,0
BRDA:142,7,0,0
BRDA:142,7,1,1
BRF:16
BRH:1
end_of_record
TN:
SF:src/db/models/CollabMember.ts
FN:17,(anonymous_2)
FN:21,(anonymous_3)
FN:25,(anonymous_4)
FN:29,(anonymous_5)
FNF:4
FNH:3
FNDA:2,(anonymous_2)
FNDA:4,(anonymous_3)
FNDA:0,(anonymous_4)
FNDA:4,(anonymous_5)
DA:1,2
DA:11,2
DA:12,2
DA:15,2
DA:17,2
DA:19,2
DA:21,4
DA:22,2
DA:25,0
DA:27,2
DA:29,4
DA:30,2
DA:35,2
LF:13
LH:12
BRF:0
BRH:0
end_of_record
TN:
SF:src/db/models/User.ts
FN:96,(anonymous_11)
FN:102,(anonymous_12)
FN:107,(anonymous_14)
FN:112,(anonymous_16)
FN:133,(anonymous_18)
FN:86,(anonymous_20)
FN:30,(anonymous_21)
FNF:7
FNH:7
FNDA:21,(anonymous_11)
FNDA:21,(anonymous_12)
FNDA:21,(anonymous_14)
FNDA:3,(anonymous_16)
FNDA:2,(anonymous_18)
FNDA:4,(anonymous_20)
FNDA:2,(anonymous_21)
DA:1,2
DA:17,2
DA:18,2
DA:27,2
DA:28,2
DA:30,2
DA:34,2
DA:39,2
DA:57,2
DA:68,2
DA:76,2
DA:80,2
DA:84,2
DA:86,4
DA:87,2
DA:96,2
DA:97,21
DA:98,21
DA:102,2
DA:103,21
DA:104,19
DA:108,21
DA:109,19
DA:113,3
DA:118,3
DA:119,1
DA:122,2
DA:124,2
DA:125,1
DA:128,1
DA:130,1
DA:134,2
DA:136,2
DA:137,1
DA:140,1
LF:35
LH:35
BRDA:118,0,0,1
BRDA:118,0,1,2
BRDA:124,1,0,1
BRDA:124,1,1,1
BRDA:136,2,0,1
BRDA:136,2,1,1
BRF:6
BRH:6
end_of_record
TN:
SF:src/utils/index.ts
FN:16,(anonymous_0)
FN:17,(anonymous_1)
FN:18,(anonymous_2)
FN:28,(anonymous_3)
FN:29,(anonymous_4)
FN:30,(anonymous_5)
FNF:6
FNH:0
FNDA:0,(anonymous_0)
FNDA:0,(anonymous_1)
FNDA:0,(anonymous_2)
FNDA:0,(anonymous_3)
FNDA:0,(anonymous_4)
FNDA:0,(anonymous_5)
DA:1,2
DA:4,2
DA:7,2
DA:10,2
DA:16,2
DA:17,0
DA:18,0
DA:19,0
DA:20,0
DA:21,0
DA:24,0
DA:28,2
DA:29,0
DA:30,0
DA:31,0
DA:32,0
DA:33,0
DA:36,0
LF:18
LH:6
BRDA:19,0,0,0
BRDA:19,0,1,0
BRDA:31,1,0,0
BRDA:31,1,1,0
BRF:4
BRH:0
end_of_record
